This file contains any messages produced by compilers while
running configure, to aid debugging if configure makes a mistake.

It was created by LZMA configure 4.32.6, which was
generated by GNU Autoconf 2.62.  Invocation command line was

  $ ./configure 

## --------- ##
## Platform. ##
## --------- ##

hostname = enzo
uname -m = i686
uname -r = 2.6.18-1.2798.fc6
uname -s = Linux
uname -v = #1 SMP Mon Oct 16 14:54:20 EDT 2006

/usr/bin/uname -p = unknown
/bin/uname -X     = unknown

/bin/arch              = i686
/usr/bin/arch -k       = unknown
/usr/convex/getsysinfo = unknown
/usr/bin/hostinfo      = unknown
/bin/machine           = unknown
/usr/bin/oslevel       = unknown
/bin/universe          = unknown

PATH: /opt/mipsel_gcc-3.3.5_uclibc-0.9.28/bin
PATH: /usr/kerberos/bin
PATH: /usr/local/bin
PATH: /bin
PATH: /usr/bin
PATH: /home/kwest/bin


## ----------- ##
## Core tests. ##
## ----------- ##

configure:2053: checking if debugging code should be compiled
configure:2073: result: no
configure:2127: checking for a BSD-compatible install
configure:2195: result: /usr/bin/install -c
configure:2206: checking whether build environment is sane
configure:2249: result: yes
configure:2274: checking for a thread-safe mkdir -p
configure:2313: result: /bin/mkdir -p
configure:2326: checking for gawk
configure:2342: found /bin/gawk
configure:2353: result: gawk
configure:2364: checking whether make sets $(MAKE)
configure:2386: result: yes
configure:2634: checking for g++
configure:2650: found /usr/bin/g++
configure:2661: result: g++
configure:2692: checking for C++ compiler version
configure:2700: g++ --version >&5
g++ (GCC) 4.1.2 20070626 (Red Hat 4.1.2-13)
Copyright (C) 2006 Free Software Foundation, Inc.
This is free software; see the source for copying conditions.  There is NO
warranty; not even for MERCHANTABILITY or FITNESS FOR A PARTICULAR PURPOSE.

configure:2704: $? = 0
configure:2711: g++ -v >&5
Using built-in specs.
Target: i386-redhat-linux
Configured with: ../configure --prefix=/usr --mandir=/usr/share/man --infodir=/usr/share/info --enable-shared --enable-threads=posix --enable-checking=release --with-system-zlib --enable-__cxa_atexit --disable-libunwind-exceptions --enable-libgcj-multifile --enable-languages=c,c++,objc,obj-c++,java,fortran,ada --enable-java-awt=gtk --disable-dssi --enable-plugin --with-java-home=/usr/lib/jvm/java-1.4.2-gcj-1.4.2.0/jre --with-cpu=generic --host=i386-redhat-linux
Thread model: posix
gcc version 4.1.2 20070626 (Red Hat 4.1.2-13)
configure:2715: $? = 0
configure:2722: g++ -V >&5
g++: '-V' option must have argument
configure:2726: $? = 1
configure:2749: checking for C++ compiler default output file name
configure:2771: g++    conftest.cpp  >&5
configure:2775: $? = 0
configure:2813: result: a.out
configure:2830: checking whether the C++ compiler works
configure:2840: ./a.out
configure:2844: $? = 0
configure:2861: result: yes
configure:2868: checking whether we are cross compiling
configure:2870: result: no
configure:2873: checking for suffix of executables
configure:2880: g++ -o conftest    conftest.cpp  >&5
configure:2884: $? = 0
configure:2908: result: 
configure:2914: checking for suffix of object files
configure:2940: g++ -c   conftest.cpp >&5
configure:2944: $? = 0
configure:2967: result: o
configure:2971: checking whether we are using the GNU C++ compiler
configure:3000: g++ -c   conftest.cpp >&5
configure:3007: $? = 0
configure:3024: result: yes
configure:3033: checking whether g++ accepts -g
configure:3063: g++ -c -g  conftest.cpp >&5
configure:3070: $? = 0
configure:3171: result: yes
configure:3205: checking for style of include used by make
configure:3233: result: GNU
configure:3258: checking dependency style of g++
configure:3349: result: gcc3
configure:3412: checking for gcc
configure:3428: found /usr/bin/gcc
configure:3439: result: gcc
configure:3677: checking for C compiler version
configure:3685: gcc --version >&5
gcc (GCC) 4.1.2 20070626 (Red Hat 4.1.2-13)
Copyright (C) 2006 Free Software Foundation, Inc.
This is free software; see the source for copying conditions.  There is NO
warranty; not even for MERCHANTABILITY or FITNESS FOR A PARTICULAR PURPOSE.

configure:3689: $? = 0
configure:3696: gcc -v >&5
Using built-in specs.
Target: i386-redhat-linux
Configured with: ../configure --prefix=/usr --mandir=/usr/share/man --infodir=/usr/share/info --enable-shared --enable-threads=posix --enable-checking=release --with-system-zlib --enable-__cxa_atexit --disable-libunwind-exceptions --enable-libgcj-multifile --enable-languages=c,c++,objc,obj-c++,java,fortran,ada --enable-java-awt=gtk --disable-dssi --enable-plugin --with-java-home=/usr/lib/jvm/java-1.4.2-gcj-1.4.2.0/jre --with-cpu=generic --host=i386-redhat-linux
Thread model: posix
gcc version 4.1.2 20070626 (Red Hat 4.1.2-13)
configure:3700: $? = 0
configure:3707: gcc -V >&5
gcc: '-V' option must have argument
configure:3711: $? = 1
configure:3714: checking whether we are using the GNU C compiler
configure:3743: gcc -c   conftest.c >&5
configure:3750: $? = 0
configure:3767: result: yes
configure:3776: checking whether gcc accepts -g
configure:3806: gcc -c -g  conftest.c >&5
configure:3813: $? = 0
configure:3914: result: yes
configure:3931: checking for gcc option to accept ISO C89
configure:4005: gcc  -c -g -O2  conftest.c >&5
configure:4012: $? = 0
configure:4035: result: none needed
configure:4055: checking dependency style of gcc
configure:4146: result: gcc3
configure:4166: checking how to run the C preprocessor
configure:4206: gcc -E  conftest.c
configure:4213: $? = 0
configure:4244: gcc -E  conftest.c
conftest.c:11:28: error: ac_nonexistent.h: No such file or directory
configure:4251: $? = 1
configure: failed program was:
| /* confdefs.h.  */
| #define PACKAGE_NAME "LZMA"
| #define PACKAGE_TARNAME "lzma"
| #define PACKAGE_VERSION "4.32.6"
| #define PACKAGE_STRING "LZMA 4.32.6"
| #define PACKAGE_BUGREPORT "lasse.collin@tukaani.org"
| #define NDEBUG 1
| #define PACKAGE "lzma"
| #define VERSION "4.32.6"
| /* end confdefs.h.  */
| #include <ac_nonexistent.h>
configure:4284: result: gcc -E
configure:4313: gcc -E  conftest.c
configure:4320: $? = 0
configure:4351: gcc -E  conftest.c
conftest.c:11:28: error: ac_nonexistent.h: No such file or directory
configure:4358: $? = 1
configure: failed program was:
| /* confdefs.h.  */
| #define PACKAGE_NAME "LZMA"
| #define PACKAGE_TARNAME "lzma"
| #define PACKAGE_VERSION "4.32.6"
| #define PACKAGE_STRING "LZMA 4.32.6"
| #define PACKAGE_BUGREPORT "lasse.collin@tukaani.org"
| #define NDEBUG 1
| #define PACKAGE "lzma"
| #define VERSION "4.32.6"
| /* end confdefs.h.  */
| #include <ac_nonexistent.h>
configure:4409: checking for a BSD-compatible install
configure:4477: result: /usr/bin/install -c
configure:4488: checking whether ln -s works
configure:4492: result: yes
configure:4499: checking whether make sets $(MAKE)
configure:4521: result: yes
configure:4608: checking build system type
configure:4626: result: i686-pc-linux-gnu
configure:4648: checking host system type
configure:4663: result: i686-pc-linux-gnu
configure:4685: checking for a sed that does not truncate output
configure:4741: result: /bin/sed
configure:4744: checking for grep that handles long lines and -e
configure:4804: result: /bin/grep
configure:4809: checking for egrep
configure:4873: result: /bin/grep -E
configure:4889: checking for ld used by gcc
configure:4956: result: /usr/bin/ld
configure:4965: checking if the linker (/usr/bin/ld) is GNU ld
configure:4980: result: yes
configure:4985: checking for /usr/bin/ld option to reload object files
configure:4992: result: -r
configure:5010: checking for BSD-compatible nm
configure:5059: result: /usr/bin/nm -B
configure:5063: checking how to recognize dependent libraries
configure:5249: result: pass_all
configure:5494: checking for ANSI C header files
configure:5524: gcc -c -g -O2  conftest.c >&5
configure:5531: $? = 0
configure:5630: gcc -o conftest -g -O2   conftest.c  >&5
configure:5634: $? = 0
configure:5640: ./conftest
configure:5644: $? = 0
configure:5662: result: yes
configure:5686: checking for sys/types.h
configure:5707: gcc -c -g -O2  conftest.c >&5
configure:5714: $? = 0
configure:5731: result: yes
configure:5686: checking for sys/stat.h
configure:5707: gcc -c -g -O2  conftest.c >&5
configure:5714: $? = 0
configure:5731: result: yes
configure:5686: checking for stdlib.h
configure:5707: gcc -c -g -O2  conftest.c >&5
configure:5714: $? = 0
configure:5731: result: yes
configure:5686: checking for string.h
configure:5707: gcc -c -g -O2  conftest.c >&5
configure:5714: $? = 0
configure:5731: result: yes
configure:5686: checking for memory.h
configure:5707: gcc -c -g -O2  conftest.c >&5
configure:5714: $? = 0
configure:5731: result: yes
configure:5686: checking for strings.h
configure:5707: gcc -c -g -O2  conftest.c >&5
configure:5714: $? = 0
configure:5731: result: yes
configure:5686: checking for inttypes.h
configure:5707: gcc -c -g -O2  conftest.c >&5
configure:5714: $? = 0
configure:5731: result: yes
configure:5686: checking for stdint.h
configure:5707: gcc -c -g -O2  conftest.c >&5
configure:5714: $? = 0
configure:5731: result: yes
configure:5686: checking for unistd.h
configure:5707: gcc -c -g -O2  conftest.c >&5
configure:5714: $? = 0
configure:5731: result: yes
configure:5760: checking dlfcn.h usability
configure:5777: gcc -c -g -O2  conftest.c >&5
configure:5784: $? = 0
configure:5798: result: yes
configure:5802: checking dlfcn.h presence
configure:5817: gcc -E  conftest.c
configure:5824: $? = 0
configure:5838: result: yes
configure:5871: checking for dlfcn.h
configure:5880: result: yes
configure:5904: checking how to run the C++ preprocessor
configure:5940: g++ -E  conftest.cpp
configure:5947: $? = 0
configure:5978: g++ -E  conftest.cpp
conftest.cpp:22:28: error: ac_nonexistent.h: No such file or directory
configure:5985: $? = 1
configure: failed program was:
| /* confdefs.h.  */
| #define PACKAGE_NAME "LZMA"
| #define PACKAGE_TARNAME "lzma"
| #define PACKAGE_VERSION "4.32.6"
| #define PACKAGE_STRING "LZMA 4.32.6"
| #define PACKAGE_BUGREPORT "lasse.collin@tukaani.org"
| #define NDEBUG 1
| #define PACKAGE "lzma"
| #define VERSION "4.32.6"
| #define STDC_HEADERS 1
| #define HAVE_SYS_TYPES_H 1
| #define HAVE_SYS_STAT_H 1
| #define HAVE_STDLIB_H 1
| #define HAVE_STRING_H 1
| #define HAVE_MEMORY_H 1
| #define HAVE_STRINGS_H 1
| #define HAVE_INTTYPES_H 1
| #define HAVE_STDINT_H 1
| #define HAVE_UNISTD_H 1
| #define HAVE_DLFCN_H 1
| /* end confdefs.h.  */
| #include <ac_nonexistent.h>
configure:6018: result: g++ -E
configure:6047: g++ -E  conftest.cpp
configure:6054: $? = 0
configure:6085: g++ -E  conftest.cpp
conftest.cpp:22:28: error: ac_nonexistent.h: No such file or directory
configure:6092: $? = 1
configure: failed program was:
| /* confdefs.h.  */
| #define PACKAGE_NAME "LZMA"
| #define PACKAGE_TARNAME "lzma"
| #define PACKAGE_VERSION "4.32.6"
| #define PACKAGE_STRING "LZMA 4.32.6"
| #define PACKAGE_BUGREPORT "lasse.collin@tukaani.org"
| #define NDEBUG 1
| #define PACKAGE "lzma"
| #define VERSION "4.32.6"
| #define STDC_HEADERS 1
| #define HAVE_SYS_TYPES_H 1
| #define HAVE_SYS_STAT_H 1
| #define HAVE_STDLIB_H 1
| #define HAVE_STRING_H 1
| #define HAVE_MEMORY_H 1
| #define HAVE_STRINGS_H 1
| #define HAVE_INTTYPES_H 1
| #define HAVE_STDINT_H 1
| #define HAVE_UNISTD_H 1
| #define HAVE_DLFCN_H 1
| /* end confdefs.h.  */
| #include <ac_nonexistent.h>
configure:6242: checking for Fortran 77 compiler version
configure:6250: no --version >&5
./configure: line 6252: no: command not found
configure:6254: $? = 127
configure:6261: no -v >&5
./configure: line 6263: no: command not found
configure:6265: $? = 127
configure:6272: no -V >&5
./configure: line 6274: no: command not found
configure:6276: $? = 127
configure:6284: checking whether we are using the GNU Fortran 77 compiler
configure:6303: no -c  conftest.F >&5
./configure: line 6305: no: command not found
configure:6310: $? = 127
configure: failed program was:
|       program main
| #ifndef __GNUC__
|        choke me
| #endif
| 
|       end
configure:6327: result: no
configure:6333: checking whether no accepts -g
configure:6350: no -c -g conftest.f >&5
./configure: line 6352: no: command not found
configure:6357: $? = 127
configure: failed program was:
|       program main
| 
|       end
configure:6373: result: no
configure:6406: checking the maximum length of command line arguments
configure:6518: result: 98304
configure:6530: checking command to parse /usr/bin/nm -B output from gcc object
configure:6635: gcc -c -g -O2  conftest.c >&5
configure:6638: $? = 0
configure:6642: /usr/bin/nm -B conftest.o \| sed -n -e 's/^.*[ 	]\([ABCDGIRSTW][ABCDGIRSTW]*\)[ 	][ 	]*\([_A-Za-z][_A-Za-z0-9]*\)$/\1 \2 \2/p' \> conftest.nm
configure:6645: $? = 0
configure:6697: gcc -o conftest -g -O2   conftest.c conftstm.o >&5
configure:6700: $? = 0
configure:6738: result: ok
configure:6742: checking for objdir
configure:6757: result: .libs
configure:6849: checking for ar
configure:6865: found /usr/bin/ar
configure:6876: result: ar
configure:6945: checking for ranlib
configure:6961: found /usr/bin/ranlib
configure:6972: result: ranlib
configure:7041: checking for strip
configure:7057: found /usr/bin/strip
configure:7068: result: strip
configure:7670: checking if gcc supports -fno-rtti -fno-exceptions
configure:7688: gcc -c -g -O2  -fno-rtti -fno-exceptions conftest.c >&5
cc1: warning: command line option "-fno-rtti" is valid for C++/ObjC++ but not for C
configure:7692: $? = 0
configure:7705: result: no
configure:7720: checking for gcc option to produce PIC
configure:7952: result: -fPIC
configure:7960: checking if gcc PIC flag -fPIC works
configure:7978: gcc -c -g -O2  -fPIC -DPIC conftest.c >&5
configure:7982: $? = 0
configure:7995: result: yes
configure:8023: checking if gcc static flag -static works
configure:8051: result: yes
configure:8061: checking if gcc supports -c -o file.o
configure:8082: gcc -c -g -O2  -o out/conftest2.o conftest.c >&5
configure:8086: $? = 0
configure:8108: result: yes
configure:8134: checking whether the gcc linker (/usr/bin/ld) supports shared libraries
configure:9122: result: yes
configure:9143: checking whether -lc should be explicitly linked in
configure:9148: gcc -c -g -O2  conftest.c >&5
configure:9151: $? = 0
configure:9166: gcc -shared conftest.o  -v -Wl,-soname -Wl,conftest -o conftest 2\>\&1 \| grep  -lc  \>/dev/null 2\>\&1
configure:9169: $? = 0
configure:9181: result: no
configure:9189: checking dynamic linker characteristics
configure:9791: result: GNU/Linux ld.so
configure:9815: checking how to hardcode library paths into programs
configure:9840: result: immediate
configure:9854: checking whether stripping libraries is possible
configure:9859: result: yes
configure:10689: checking if libtool supports shared libraries
configure:10691: result: yes
configure:10694: checking whether to build shared libraries
configure:10715: result: yes
configure:10718: checking whether to build static libraries
configure:10722: result: yes
configure:10816: creating libtool
configure:11409: checking for ld used by g++
configure:11476: result: /usr/bin/ld
configure:11485: checking if the linker (/usr/bin/ld) is GNU ld
configure:11500: result: yes
configure:11551: checking whether the g++ linker (/usr/bin/ld) supports shared libraries
configure:12505: result: yes
configure:12522: g++ -c -g -O2  conftest.cpp >&5
configure:12525: $? = 0
configure:12681: checking for g++ option to produce PIC
configure:12965: result: -fPIC
configure:12973: checking if g++ PIC flag -fPIC works
configure:12991: g++ -c -g -O2  -fPIC -DPIC conftest.cpp >&5
configure:12995: $? = 0
configure:13008: result: yes
configure:13036: checking if g++ static flag -static works
configure:13064: result: yes
configure:13074: checking if g++ supports -c -o file.o
configure:13095: g++ -c -g -O2  -o out/conftest2.o conftest.cpp >&5
configure:13099: $? = 0
configure:13121: result: yes
configure:13147: checking whether the g++ linker (/usr/bin/ld) supports shared libraries
configure:13173: result: yes
configure:13240: checking dynamic linker characteristics
configure:13790: result: GNU/Linux ld.so
configure:13814: checking how to hardcode library paths into programs
configure:13839: result: immediate
configure:20080: checking for ANSI C header files
configure:20248: result: yes
configure:20284: checking fcntl.h usability
configure:20301: gcc -c -g -O2  conftest.c >&5
configure:20308: $? = 0
configure:20322: result: yes
configure:20326: checking fcntl.h presence
configure:20341: gcc -E  conftest.c
configure:20348: $? = 0
configure:20362: result: yes
configure:20395: checking for fcntl.h
configure:20404: result: yes
configure:20273: checking for inttypes.h
configure:20280: result: yes
configure:20284: checking limits.h usability
configure:20301: gcc -c -g -O2  conftest.c >&5
configure:20308: $? = 0
configure:20322: result: yes
configure:20326: checking limits.h presence
configure:20341: gcc -E  conftest.c
configure:20348: $? = 0
configure:20362: result: yes
configure:20395: checking for limits.h
configure:20404: result: yes
configure:20284: checking stddef.h usability
configure:20301: gcc -c -g -O2  conftest.c >&5
configure:20308: $? = 0
configure:20322: result: yes
configure:20326: checking stddef.h presence
configure:20341: gcc -E  conftest.c
configure:20348: $? = 0
configure:20362: result: yes
configure:20395: checking for stddef.h
configure:20404: result: yes
configure:20273: checking for stdlib.h
configure:20280: result: yes
configure:20273: checking for string.h
configure:20280: result: yes
configure:20284: checking sys/time.h usability
configure:20301: gcc -c -g -O2  conftest.c >&5
configure:20308: $? = 0
configure:20322: result: yes
configure:20326: checking sys/time.h presence
configure:20341: gcc -E  conftest.c
configure:20348: $? = 0
configure:20362: result: yes
configure:20395: checking for sys/time.h
configure:20404: result: yes
configure:20273: checking for unistd.h
configure:20280: result: yes
configure:20284: checking utime.h usability
configure:20301: gcc -c -g -O2  conftest.c >&5
configure:20308: $? = 0
configure:20322: result: yes
configure:20326: checking utime.h presence
configure:20341: gcc -E  conftest.c
configure:20348: $? = 0
configure:20362: result: yes
configure:20395: checking for utime.h
configure:20404: result: yes
configure:20439: checking errno.h usability
configure:20456: gcc -c -g -O2  conftest.c >&5
configure:20463: $? = 0
configure:20477: result: yes
configure:20481: checking errno.h presence
configure:20496: gcc -E  conftest.c
configure:20503: $? = 0
configure:20517: result: yes
configure:20550: checking for errno.h
configure:20559: result: yes
configure:20575: checking for stdbool.h that conforms to C99
configure:20670: gcc -c -g -O2  conftest.c >&5
configure:20677: $? = 0
configure:20692: result: yes
configure:20694: checking for _Bool
configure:20722: gcc -c -g -O2  conftest.c >&5
configure:20729: $? = 0
configure:20756: gcc -c -g -O2  conftest.c >&5
conftest.c: In function 'main':
conftest.c:69: error: expected expression before ')' token
configure:20763: $? = 1
configure: failed program was:
| /* confdefs.h.  */
| #define PACKAGE_NAME "LZMA"
| #define PACKAGE_TARNAME "lzma"
| #define PACKAGE_VERSION "4.32.6"
| #define PACKAGE_STRING "LZMA 4.32.6"
| #define PACKAGE_BUGREPORT "lasse.collin@tukaani.org"
| #define NDEBUG 1
| #define PACKAGE "lzma"
| #define VERSION "4.32.6"
| #define STDC_HEADERS 1
| #define HAVE_SYS_TYPES_H 1
| #define HAVE_SYS_STAT_H 1
| #define HAVE_STDLIB_H 1
| #define HAVE_STRING_H 1
| #define HAVE_MEMORY_H 1
| #define HAVE_STRINGS_H 1
| #define HAVE_INTTYPES_H 1
| #define HAVE_STDINT_H 1
| #define HAVE_UNISTD_H 1
| #define HAVE_DLFCN_H 1
| #define STDC_HEADERS 1
| #define HAVE_FCNTL_H 1
| #define HAVE_INTTYPES_H 1
| #define HAVE_LIMITS_H 1
| #define HAVE_STDDEF_H 1
| #define HAVE_STDLIB_H 1
| #define HAVE_STRING_H 1
| #define HAVE_SYS_TIME_H 1
| #define HAVE_UNISTD_H 1
| #define HAVE_UTIME_H 1
| #define HAVE_ERRNO_H 1
| /* end confdefs.h.  */
| #include <stdio.h>
| #ifdef HAVE_SYS_TYPES_H
| # include <sys/types.h>
| #endif
| #ifdef HAVE_SYS_STAT_H
| # include <sys/stat.h>
| #endif
| #ifdef STDC_HEADERS
| # include <stdlib.h>
| # include <stddef.h>
| #else
| # ifdef HAVE_STDLIB_H
| #  include <stdlib.h>
| # endif
| #endif
| #ifdef HAVE_STRING_H
| # if !defined STDC_HEADERS && defined HAVE_MEMORY_H
| #  include <memory.h>
| # endif
| # include <string.h>
| #endif
| #ifdef HAVE_STRINGS_H
| # include <strings.h>
| #endif
| #ifdef HAVE_INTTYPES_H
| # include <inttypes.h>
| #endif
| #ifdef HAVE_STDINT_H
| # include <stdint.h>
| #endif
| #ifdef HAVE_UNISTD_H
| # include <unistd.h>
| #endif
| int
| main ()
| {
| if (sizeof ((_Bool)))
| 	  return 0;
|   ;
|   return 0;
| }
configure:20786: result: yes
configure:20805: checking whether time.h and sys/time.h may both be included
configure:20835: gcc -c -g -O2  conftest.c >&5
configure:20842: $? = 0
configure:20857: result: yes
configure:20867: checking for an ANSI C-conforming const
configure:20942: gcc -c -g -O2  conftest.c >&5
configure:20949: $? = 0
configure:20964: result: yes
configure:20974: checking for inline
configure:21000: gcc -c -g -O2  conftest.c >&5
configure:21007: $? = 0
configure:21025: result: inline
configure:21045: checking for mode_t
configure:21073: gcc -c -g -O2  conftest.c >&5
configure:21080: $? = 0
configure:21107: gcc -c -g -O2  conftest.c >&5
conftest.c: In function 'main':
conftest.c:72: error: expected expression before ')' token
configure:21114: $? = 1
configure: failed program was:
| /* confdefs.h.  */
| #define PACKAGE_NAME "LZMA"
| #define PACKAGE_TARNAME "lzma"
| #define PACKAGE_VERSION "4.32.6"
| #define PACKAGE_STRING "LZMA 4.32.6"
| #define PACKAGE_BUGREPORT "lasse.collin@tukaani.org"
| #define NDEBUG 1
| #define PACKAGE "lzma"
| #define VERSION "4.32.6"
| #define STDC_HEADERS 1
| #define HAVE_SYS_TYPES_H 1
| #define HAVE_SYS_STAT_H 1
| #define HAVE_STDLIB_H 1
| #define HAVE_STRING_H 1
| #define HAVE_MEMORY_H 1
| #define HAVE_STRINGS_H 1
| #define HAVE_INTTYPES_H 1
| #define HAVE_STDINT_H 1
| #define HAVE_UNISTD_H 1
| #define HAVE_DLFCN_H 1
| #define STDC_HEADERS 1
| #define HAVE_FCNTL_H 1
| #define HAVE_INTTYPES_H 1
| #define HAVE_LIMITS_H 1
| #define HAVE_STDDEF_H 1
| #define HAVE_STDLIB_H 1
| #define HAVE_STRING_H 1
| #define HAVE_SYS_TIME_H 1
| #define HAVE_UNISTD_H 1
| #define HAVE_UTIME_H 1
| #define HAVE_ERRNO_H 1
| #define HAVE__BOOL 1
| #define HAVE_STDBOOL_H 1
| #define TIME_WITH_SYS_TIME 1
| /* end confdefs.h.  */
| #include <stdio.h>
| #ifdef HAVE_SYS_TYPES_H
| # include <sys/types.h>
| #endif
| #ifdef HAVE_SYS_STAT_H
| # include <sys/stat.h>
| #endif
| #ifdef STDC_HEADERS
| # include <stdlib.h>
| # include <stddef.h>
| #else
| # ifdef HAVE_STDLIB_H
| #  include <stdlib.h>
| # endif
| #endif
| #ifdef HAVE_STRING_H
| # if !defined STDC_HEADERS && defined HAVE_MEMORY_H
| #  include <memory.h>
| # endif
| # include <string.h>
| #endif
| #ifdef HAVE_STRINGS_H
| # include <strings.h>
| #endif
| #ifdef HAVE_INTTYPES_H
| # include <inttypes.h>
| #endif
| #ifdef HAVE_STDINT_H
| # include <stdint.h>
| #endif
| #ifdef HAVE_UNISTD_H
| # include <unistd.h>
| #endif
| int
| main ()
| {
| if (sizeof ((mode_t)))
| 	  return 0;
|   ;
|   return 0;
| }
configure:21137: result: yes
configure:21149: checking for off_t
configure:21177: gcc -c -g -O2  conftest.c >&5
configure:21184: $? = 0
configure:21211: gcc -c -g -O2  conftest.c >&5
conftest.c: In function 'main':
conftest.c:72: error: expected expression before ')' token
configure:21218: $? = 1
configure: failed program was:
| /* confdefs.h.  */
| #define PACKAGE_NAME "LZMA"
| #define PACKAGE_TARNAME "lzma"
| #define PACKAGE_VERSION "4.32.6"
| #define PACKAGE_STRING "LZMA 4.32.6"
| #define PACKAGE_BUGREPORT "lasse.collin@tukaani.org"
| #define NDEBUG 1
| #define PACKAGE "lzma"
| #define VERSION "4.32.6"
| #define STDC_HEADERS 1
| #define HAVE_SYS_TYPES_H 1
| #define HAVE_SYS_STAT_H 1
| #define HAVE_STDLIB_H 1
| #define HAVE_STRING_H 1
| #define HAVE_MEMORY_H 1
| #define HAVE_STRINGS_H 1
| #define HAVE_INTTYPES_H 1
| #define HAVE_STDINT_H 1
| #define HAVE_UNISTD_H 1
| #define HAVE_DLFCN_H 1
| #define STDC_HEADERS 1
| #define HAVE_FCNTL_H 1
| #define HAVE_INTTYPES_H 1
| #define HAVE_LIMITS_H 1
| #define HAVE_STDDEF_H 1
| #define HAVE_STDLIB_H 1
| #define HAVE_STRING_H 1
| #define HAVE_SYS_TIME_H 1
| #define HAVE_UNISTD_H 1
| #define HAVE_UTIME_H 1
| #define HAVE_ERRNO_H 1
| #define HAVE__BOOL 1
| #define HAVE_STDBOOL_H 1
| #define TIME_WITH_SYS_TIME 1
| /* end confdefs.h.  */
| #include <stdio.h>
| #ifdef HAVE_SYS_TYPES_H
| # include <sys/types.h>
| #endif
| #ifdef HAVE_SYS_STAT_H
| # include <sys/stat.h>
| #endif
| #ifdef STDC_HEADERS
| # include <stdlib.h>
| # include <stddef.h>
| #else
| # ifdef HAVE_STDLIB_H
| #  include <stdlib.h>
| # endif
| #endif
| #ifdef HAVE_STRING_H
| # if !defined STDC_HEADERS && defined HAVE_MEMORY_H
| #  include <memory.h>
| # endif
| # include <string.h>
| #endif
| #ifdef HAVE_STRINGS_H
| # include <strings.h>
| #endif
| #ifdef HAVE_INTTYPES_H
| # include <inttypes.h>
| #endif
| #ifdef HAVE_STDINT_H
| # include <stdint.h>
| #endif
| #ifdef HAVE_UNISTD_H
| # include <unistd.h>
| #endif
| int
| main ()
| {
| if (sizeof ((off_t)))
| 	  return 0;
|   ;
|   return 0;
| }
configure:21241: result: yes
configure:21253: checking for size_t
configure:21281: gcc -c -g -O2  conftest.c >&5
configure:21288: $? = 0
configure:21315: gcc -c -g -O2  conftest.c >&5
conftest.c: In function 'main':
conftest.c:72: error: expected expression before ')' token
configure:21322: $? = 1
configure: failed program was:
| /* confdefs.h.  */
| #define PACKAGE_NAME "LZMA"
| #define PACKAGE_TARNAME "lzma"
| #define PACKAGE_VERSION "4.32.6"
| #define PACKAGE_STRING "LZMA 4.32.6"
| #define PACKAGE_BUGREPORT "lasse.collin@tukaani.org"
| #define NDEBUG 1
| #define PACKAGE "lzma"
| #define VERSION "4.32.6"
| #define STDC_HEADERS 1
| #define HAVE_SYS_TYPES_H 1
| #define HAVE_SYS_STAT_H 1
| #define HAVE_STDLIB_H 1
| #define HAVE_STRING_H 1
| #define HAVE_MEMORY_H 1
| #define HAVE_STRINGS_H 1
| #define HAVE_INTTYPES_H 1
| #define HAVE_STDINT_H 1
| #define HAVE_UNISTD_H 1
| #define HAVE_DLFCN_H 1
| #define STDC_HEADERS 1
| #define HAVE_FCNTL_H 1
| #define HAVE_INTTYPES_H 1
| #define HAVE_LIMITS_H 1
| #define HAVE_STDDEF_H 1
| #define HAVE_STDLIB_H 1
| #define HAVE_STRING_H 1
| #define HAVE_SYS_TIME_H 1
| #define HAVE_UNISTD_H 1
| #define HAVE_UTIME_H 1
| #define HAVE_ERRNO_H 1
| #define HAVE__BOOL 1
| #define HAVE_STDBOOL_H 1
| #define TIME_WITH_SYS_TIME 1
| /* end confdefs.h.  */
| #include <stdio.h>
| #ifdef HAVE_SYS_TYPES_H
| # include <sys/types.h>
| #endif
| #ifdef HAVE_SYS_STAT_H
| # include <sys/stat.h>
| #endif
| #ifdef STDC_HEADERS
| # include <stdlib.h>
| # include <stddef.h>
| #else
| # ifdef HAVE_STDLIB_H
| #  include <stdlib.h>
| # endif
| #endif
| #ifdef HAVE_STRING_H
| # if !defined STDC_HEADERS && defined HAVE_MEMORY_H
| #  include <memory.h>
| # endif
| # include <string.h>
| #endif
| #ifdef HAVE_STRINGS_H
| # include <strings.h>
| #endif
| #ifdef HAVE_INTTYPES_H
| # include <inttypes.h>
| #endif
| #ifdef HAVE_STDINT_H
| # include <stdint.h>
| #endif
| #ifdef HAVE_UNISTD_H
| # include <unistd.h>
| #endif
| int
| main ()
| {
| if (sizeof ((size_t)))
| 	  return 0;
|   ;
|   return 0;
| }
configure:21345: result: yes
configure:21357: checking for int_fast8_t
configure:21385: gcc -c -g -O2  conftest.c >&5
configure:21392: $? = 0
configure:21419: gcc -c -g -O2  conftest.c >&5
conftest.c: In function 'main':
conftest.c:72: error: expected expression before ')' token
configure:21426: $? = 1
configure: failed program was:
| /* confdefs.h.  */
| #define PACKAGE_NAME "LZMA"
| #define PACKAGE_TARNAME "lzma"
| #define PACKAGE_VERSION "4.32.6"
| #define PACKAGE_STRING "LZMA 4.32.6"
| #define PACKAGE_BUGREPORT "lasse.collin@tukaani.org"
| #define NDEBUG 1
| #define PACKAGE "lzma"
| #define VERSION "4.32.6"
| #define STDC_HEADERS 1
| #define HAVE_SYS_TYPES_H 1
| #define HAVE_SYS_STAT_H 1
| #define HAVE_STDLIB_H 1
| #define HAVE_STRING_H 1
| #define HAVE_MEMORY_H 1
| #define HAVE_STRINGS_H 1
| #define HAVE_INTTYPES_H 1
| #define HAVE_STDINT_H 1
| #define HAVE_UNISTD_H 1
| #define HAVE_DLFCN_H 1
| #define STDC_HEADERS 1
| #define HAVE_FCNTL_H 1
| #define HAVE_INTTYPES_H 1
| #define HAVE_LIMITS_H 1
| #define HAVE_STDDEF_H 1
| #define HAVE_STDLIB_H 1
| #define HAVE_STRING_H 1
| #define HAVE_SYS_TIME_H 1
| #define HAVE_UNISTD_H 1
| #define HAVE_UTIME_H 1
| #define HAVE_ERRNO_H 1
| #define HAVE__BOOL 1
| #define HAVE_STDBOOL_H 1
| #define TIME_WITH_SYS_TIME 1
| /* end confdefs.h.  */
| #include <stdio.h>
| #ifdef HAVE_SYS_TYPES_H
| # include <sys/types.h>
| #endif
| #ifdef HAVE_SYS_STAT_H
| # include <sys/stat.h>
| #endif
| #ifdef STDC_HEADERS
| # include <stdlib.h>
| # include <stddef.h>
| #else
| # ifdef HAVE_STDLIB_H
| #  include <stdlib.h>
| # endif
| #endif
| #ifdef HAVE_STRING_H
| # if !defined STDC_HEADERS && defined HAVE_MEMORY_H
| #  include <memory.h>
| # endif
| # include <string.h>
| #endif
| #ifdef HAVE_STRINGS_H
| # include <strings.h>
| #endif
| #ifdef HAVE_INTTYPES_H
| # include <inttypes.h>
| #endif
| #ifdef HAVE_STDINT_H
| # include <stdint.h>
| #endif
| #ifdef HAVE_UNISTD_H
| # include <unistd.h>
| #endif
| int
| main ()
| {
| if (sizeof ((int_fast8_t)))
| 	  return 0;
|   ;
|   return 0;
| }
configure:21449: result: yes
configure:21461: checking for uint_fast8_t
configure:21489: gcc -c -g -O2  conftest.c >&5
configure:21496: $? = 0
configure:21523: gcc -c -g -O2  conftest.c >&5
conftest.c: In function 'main':
conftest.c:72: error: expected expression before ')' token
configure:21530: $? = 1
configure: failed program was:
| /* confdefs.h.  */
| #define PACKAGE_NAME "LZMA"
| #define PACKAGE_TARNAME "lzma"
| #define PACKAGE_VERSION "4.32.6"
| #define PACKAGE_STRING "LZMA 4.32.6"
| #define PACKAGE_BUGREPORT "lasse.collin@tukaani.org"
| #define NDEBUG 1
| #define PACKAGE "lzma"
| #define VERSION "4.32.6"
| #define STDC_HEADERS 1
| #define HAVE_SYS_TYPES_H 1
| #define HAVE_SYS_STAT_H 1
| #define HAVE_STDLIB_H 1
| #define HAVE_STRING_H 1
| #define HAVE_MEMORY_H 1
| #define HAVE_STRINGS_H 1
| #define HAVE_INTTYPES_H 1
| #define HAVE_STDINT_H 1
| #define HAVE_UNISTD_H 1
| #define HAVE_DLFCN_H 1
| #define STDC_HEADERS 1
| #define HAVE_FCNTL_H 1
| #define HAVE_INTTYPES_H 1
| #define HAVE_LIMITS_H 1
| #define HAVE_STDDEF_H 1
| #define HAVE_STDLIB_H 1
| #define HAVE_STRING_H 1
| #define HAVE_SYS_TIME_H 1
| #define HAVE_UNISTD_H 1
| #define HAVE_UTIME_H 1
| #define HAVE_ERRNO_H 1
| #define HAVE__BOOL 1
| #define HAVE_STDBOOL_H 1
| #define TIME_WITH_SYS_TIME 1
| /* end confdefs.h.  */
| #include <stdio.h>
| #ifdef HAVE_SYS_TYPES_H
| # include <sys/types.h>
| #endif
| #ifdef HAVE_SYS_STAT_H
| # include <sys/stat.h>
| #endif
| #ifdef STDC_HEADERS
| # include <stdlib.h>
| # include <stddef.h>
| #else
| # ifdef HAVE_STDLIB_H
| #  include <stdlib.h>
| # endif
| #endif
| #ifdef HAVE_STRING_H
| # if !defined STDC_HEADERS && defined HAVE_MEMORY_H
| #  include <memory.h>
| # endif
| # include <string.h>
| #endif
| #ifdef HAVE_STRINGS_H
| # include <strings.h>
| #endif
| #ifdef HAVE_INTTYPES_H
| # include <inttypes.h>
| #endif
| #ifdef HAVE_STDINT_H
| # include <stdint.h>
| #endif
| #ifdef HAVE_UNISTD_H
| # include <unistd.h>
| #endif
| int
| main ()
| {
| if (sizeof ((uint_fast8_t)))
| 	  return 0;
|   ;
|   return 0;
| }
configure:21553: result: yes
configure:21565: checking for int_fast16_t
configure:21593: gcc -c -g -O2  conftest.c >&5
configure:21600: $? = 0
configure:21627: gcc -c -g -O2  conftest.c >&5
conftest.c: In function 'main':
conftest.c:72: error: expected expression before ')' token
configure:21634: $? = 1
configure: failed program was:
| /* confdefs.h.  */
| #define PACKAGE_NAME "LZMA"
| #define PACKAGE_TARNAME "lzma"
| #define PACKAGE_VERSION "4.32.6"
| #define PACKAGE_STRING "LZMA 4.32.6"
| #define PACKAGE_BUGREPORT "lasse.collin@tukaani.org"
| #define NDEBUG 1
| #define PACKAGE "lzma"
| #define VERSION "4.32.6"
| #define STDC_HEADERS 1
| #define HAVE_SYS_TYPES_H 1
| #define HAVE_SYS_STAT_H 1
| #define HAVE_STDLIB_H 1
| #define HAVE_STRING_H 1
| #define HAVE_MEMORY_H 1
| #define HAVE_STRINGS_H 1
| #define HAVE_INTTYPES_H 1
| #define HAVE_STDINT_H 1
| #define HAVE_UNISTD_H 1
| #define HAVE_DLFCN_H 1
| #define STDC_HEADERS 1
| #define HAVE_FCNTL_H 1
| #define HAVE_INTTYPES_H 1
| #define HAVE_LIMITS_H 1
| #define HAVE_STDDEF_H 1
| #define HAVE_STDLIB_H 1
| #define HAVE_STRING_H 1
| #define HAVE_SYS_TIME_H 1
| #define HAVE_UNISTD_H 1
| #define HAVE_UTIME_H 1
| #define HAVE_ERRNO_H 1
| #define HAVE__BOOL 1
| #define HAVE_STDBOOL_H 1
| #define TIME_WITH_SYS_TIME 1
| /* end confdefs.h.  */
| #include <stdio.h>
| #ifdef HAVE_SYS_TYPES_H
| # include <sys/types.h>
| #endif
| #ifdef HAVE_SYS_STAT_H
| # include <sys/stat.h>
| #endif
| #ifdef STDC_HEADERS
| # include <stdlib.h>
| # include <stddef.h>
| #else
| # ifdef HAVE_STDLIB_H
| #  include <stdlib.h>
| # endif
| #endif
| #ifdef HAVE_STRING_H
| # if !defined STDC_HEADERS && defined HAVE_MEMORY_H
| #  include <memory.h>
| # endif
| # include <string.h>
| #endif
| #ifdef HAVE_STRINGS_H
| # include <strings.h>
| #endif
| #ifdef HAVE_INTTYPES_H
| # include <inttypes.h>
| #endif
| #ifdef HAVE_STDINT_H
| # include <stdint.h>
| #endif
| #ifdef HAVE_UNISTD_H
| # include <unistd.h>
| #endif
| int
| main ()
| {
| if (sizeof ((int_fast16_t)))
| 	  return 0;
|   ;
|   return 0;
| }
configure:21657: result: yes
configure:21669: checking for uint_fast16_t
configure:21697: gcc -c -g -O2  conftest.c >&5
configure:21704: $? = 0
configure:21731: gcc -c -g -O2  conftest.c >&5
conftest.c: In function 'main':
conftest.c:72: error: expected expression before ')' token
configure:21738: $? = 1
configure: failed program was:
| /* confdefs.h.  */
| #define PACKAGE_NAME "LZMA"
| #define PACKAGE_TARNAME "lzma"
| #define PACKAGE_VERSION "4.32.6"
| #define PACKAGE_STRING "LZMA 4.32.6"
| #define PACKAGE_BUGREPORT "lasse.collin@tukaani.org"
| #define NDEBUG 1
| #define PACKAGE "lzma"
| #define VERSION "4.32.6"
| #define STDC_HEADERS 1
| #define HAVE_SYS_TYPES_H 1
| #define HAVE_SYS_STAT_H 1
| #define HAVE_STDLIB_H 1
| #define HAVE_STRING_H 1
| #define HAVE_MEMORY_H 1
| #define HAVE_STRINGS_H 1
| #define HAVE_INTTYPES_H 1
| #define HAVE_STDINT_H 1
| #define HAVE_UNISTD_H 1
| #define HAVE_DLFCN_H 1
| #define STDC_HEADERS 1
| #define HAVE_FCNTL_H 1
| #define HAVE_INTTYPES_H 1
| #define HAVE_LIMITS_H 1
| #define HAVE_STDDEF_H 1
| #define HAVE_STDLIB_H 1
| #define HAVE_STRING_H 1
| #define HAVE_SYS_TIME_H 1
| #define HAVE_UNISTD_H 1
| #define HAVE_UTIME_H 1
| #define HAVE_ERRNO_H 1
| #define HAVE__BOOL 1
| #define HAVE_STDBOOL_H 1
| #define TIME_WITH_SYS_TIME 1
| /* end confdefs.h.  */
| #include <stdio.h>
| #ifdef HAVE_SYS_TYPES_H
| # include <sys/types.h>
| #endif
| #ifdef HAVE_SYS_STAT_H
| # include <sys/stat.h>
| #endif
| #ifdef STDC_HEADERS
| # include <stdlib.h>
| # include <stddef.h>
| #else
| # ifdef HAVE_STDLIB_H
| #  include <stdlib.h>
| # endif
| #endif
| #ifdef HAVE_STRING_H
| # if !defined STDC_HEADERS && defined HAVE_MEMORY_H
| #  include <memory.h>
| # endif
| # include <string.h>
| #endif
| #ifdef HAVE_STRINGS_H
| # include <strings.h>
| #endif
| #ifdef HAVE_INTTYPES_H
| # include <inttypes.h>
| #endif
| #ifdef HAVE_STDINT_H
| # include <stdint.h>
| #endif
| #ifdef HAVE_UNISTD_H
| # include <unistd.h>
| #endif
| int
| main ()
| {
| if (sizeof ((uint_fast16_t)))
| 	  return 0;
|   ;
|   return 0;
| }
configure:21761: result: yes
configure:21773: checking for int_fast32_t
configure:21801: gcc -c -g -O2  conftest.c >&5
configure:21808: $? = 0
configure:21835: gcc -c -g -O2  conftest.c >&5
conftest.c: In function 'main':
conftest.c:72: error: expected expression before ')' token
configure:21842: $? = 1
configure: failed program was:
| /* confdefs.h.  */
| #define PACKAGE_NAME "LZMA"
| #define PACKAGE_TARNAME "lzma"
| #define PACKAGE_VERSION "4.32.6"
| #define PACKAGE_STRING "LZMA 4.32.6"
| #define PACKAGE_BUGREPORT "lasse.collin@tukaani.org"
| #define NDEBUG 1
| #define PACKAGE "lzma"
| #define VERSION "4.32.6"
| #define STDC_HEADERS 1
| #define HAVE_SYS_TYPES_H 1
| #define HAVE_SYS_STAT_H 1
| #define HAVE_STDLIB_H 1
| #define HAVE_STRING_H 1
| #define HAVE_MEMORY_H 1
| #define HAVE_STRINGS_H 1
| #define HAVE_INTTYPES_H 1
| #define HAVE_STDINT_H 1
| #define HAVE_UNISTD_H 1
| #define HAVE_DLFCN_H 1
| #define STDC_HEADERS 1
| #define HAVE_FCNTL_H 1
| #define HAVE_INTTYPES_H 1
| #define HAVE_LIMITS_H 1
| #define HAVE_STDDEF_H 1
| #define HAVE_STDLIB_H 1
| #define HAVE_STRING_H 1
| #define HAVE_SYS_TIME_H 1
| #define HAVE_UNISTD_H 1
| #define HAVE_UTIME_H 1
| #define HAVE_ERRNO_H 1
| #define HAVE__BOOL 1
| #define HAVE_STDBOOL_H 1
| #define TIME_WITH_SYS_TIME 1
| /* end confdefs.h.  */
| #include <stdio.h>
| #ifdef HAVE_SYS_TYPES_H
| # include <sys/types.h>
| #endif
| #ifdef HAVE_SYS_STAT_H
| # include <sys/stat.h>
| #endif
| #ifdef STDC_HEADERS
| # include <stdlib.h>
| # include <stddef.h>
| #else
| # ifdef HAVE_STDLIB_H
| #  include <stdlib.h>
| # endif
| #endif
| #ifdef HAVE_STRING_H
| # if !defined STDC_HEADERS && defined HAVE_MEMORY_H
| #  include <memory.h>
| # endif
| # include <string.h>
| #endif
| #ifdef HAVE_STRINGS_H
| # include <strings.h>
| #endif
| #ifdef HAVE_INTTYPES_H
| # include <inttypes.h>
| #endif
| #ifdef HAVE_STDINT_H
| # include <stdint.h>
| #endif
| #ifdef HAVE_UNISTD_H
| # include <unistd.h>
| #endif
| int
| main ()
| {
| if (sizeof ((int_fast32_t)))
| 	  return 0;
|   ;
|   return 0;
| }
configure:21865: result: yes
configure:21877: checking for uint_fast32_t
configure:21905: gcc -c -g -O2  conftest.c >&5
configure:21912: $? = 0
configure:21939: gcc -c -g -O2  conftest.c >&5
conftest.c: In function 'main':
conftest.c:72: error: expected expression before ')' token
configure:21946: $? = 1
configure: failed program was:
| /* confdefs.h.  */
| #define PACKAGE_NAME "LZMA"
| #define PACKAGE_TARNAME "lzma"
| #define PACKAGE_VERSION "4.32.6"
| #define PACKAGE_STRING "LZMA 4.32.6"
| #define PACKAGE_BUGREPORT "lasse.collin@tukaani.org"
| #define NDEBUG 1
| #define PACKAGE "lzma"
| #define VERSION "4.32.6"
| #define STDC_HEADERS 1
| #define HAVE_SYS_TYPES_H 1
| #define HAVE_SYS_STAT_H 1
| #define HAVE_STDLIB_H 1
| #define HAVE_STRING_H 1
| #define HAVE_MEMORY_H 1
| #define HAVE_STRINGS_H 1
| #define HAVE_INTTYPES_H 1
| #define HAVE_STDINT_H 1
| #define HAVE_UNISTD_H 1
| #define HAVE_DLFCN_H 1
| #define STDC_HEADERS 1
| #define HAVE_FCNTL_H 1
| #define HAVE_INTTYPES_H 1
| #define HAVE_LIMITS_H 1
| #define HAVE_STDDEF_H 1
| #define HAVE_STDLIB_H 1
| #define HAVE_STRING_H 1
| #define HAVE_SYS_TIME_H 1
| #define HAVE_UNISTD_H 1
| #define HAVE_UTIME_H 1
| #define HAVE_ERRNO_H 1
| #define HAVE__BOOL 1
| #define HAVE_STDBOOL_H 1
| #define TIME_WITH_SYS_TIME 1
| /* end confdefs.h.  */
| #include <stdio.h>
| #ifdef HAVE_SYS_TYPES_H
| # include <sys/types.h>
| #endif
| #ifdef HAVE_SYS_STAT_H
| # include <sys/stat.h>
| #endif
| #ifdef STDC_HEADERS
| # include <stdlib.h>
| # include <stddef.h>
| #else
| # ifdef HAVE_STDLIB_H
| #  include <stdlib.h>
| # endif
| #endif
| #ifdef HAVE_STRING_H
| # if !defined STDC_HEADERS && defined HAVE_MEMORY_H
| #  include <memory.h>
| # endif
| # include <string.h>
| #endif
| #ifdef HAVE_STRINGS_H
| # include <strings.h>
| #endif
| #ifdef HAVE_INTTYPES_H
| # include <inttypes.h>
| #endif
| #ifdef HAVE_STDINT_H
| # include <stdint.h>
| #endif
| #ifdef HAVE_UNISTD_H
| # include <unistd.h>
| #endif
| int
| main ()
| {
| if (sizeof ((uint_fast32_t)))
| 	  return 0;
|   ;
|   return 0;
| }
configure:21969: result: yes
configure:21981: checking for int_fast64_t
configure:22009: gcc -c -g -O2  conftest.c >&5
configure:22016: $? = 0
configure:22043: gcc -c -g -O2  conftest.c >&5
conftest.c: In function 'main':
conftest.c:72: error: expected expression before ')' token
configure:22050: $? = 1
configure: failed program was:
| /* confdefs.h.  */
| #define PACKAGE_NAME "LZMA"
| #define PACKAGE_TARNAME "lzma"
| #define PACKAGE_VERSION "4.32.6"
| #define PACKAGE_STRING "LZMA 4.32.6"
| #define PACKAGE_BUGREPORT "lasse.collin@tukaani.org"
| #define NDEBUG 1
| #define PACKAGE "lzma"
| #define VERSION "4.32.6"
| #define STDC_HEADERS 1
| #define HAVE_SYS_TYPES_H 1
| #define HAVE_SYS_STAT_H 1
| #define HAVE_STDLIB_H 1
| #define HAVE_STRING_H 1
| #define HAVE_MEMORY_H 1
| #define HAVE_STRINGS_H 1
| #define HAVE_INTTYPES_H 1
| #define HAVE_STDINT_H 1
| #define HAVE_UNISTD_H 1
| #define HAVE_DLFCN_H 1
| #define STDC_HEADERS 1
| #define HAVE_FCNTL_H 1
| #define HAVE_INTTYPES_H 1
| #define HAVE_LIMITS_H 1
| #define HAVE_STDDEF_H 1
| #define HAVE_STDLIB_H 1
| #define HAVE_STRING_H 1
| #define HAVE_SYS_TIME_H 1
| #define HAVE_UNISTD_H 1
| #define HAVE_UTIME_H 1
| #define HAVE_ERRNO_H 1
| #define HAVE__BOOL 1
| #define HAVE_STDBOOL_H 1
| #define TIME_WITH_SYS_TIME 1
| /* end confdefs.h.  */
| #include <stdio.h>
| #ifdef HAVE_SYS_TYPES_H
| # include <sys/types.h>
| #endif
| #ifdef HAVE_SYS_STAT_H
| # include <sys/stat.h>
| #endif
| #ifdef STDC_HEADERS
| # include <stdlib.h>
| # include <stddef.h>
| #else
| # ifdef HAVE_STDLIB_H
| #  include <stdlib.h>
| # endif
| #endif
| #ifdef HAVE_STRING_H
| # if !defined STDC_HEADERS && defined HAVE_MEMORY_H
| #  include <memory.h>
| # endif
| # include <string.h>
| #endif
| #ifdef HAVE_STRINGS_H
| # include <strings.h>
| #endif
| #ifdef HAVE_INTTYPES_H
| # include <inttypes.h>
| #endif
| #ifdef HAVE_STDINT_H
| # include <stdint.h>
| #endif
| #ifdef HAVE_UNISTD_H
| # include <unistd.h>
| #endif
| int
| main ()
| {
| if (sizeof ((int_fast64_t)))
| 	  return 0;
|   ;
|   return 0;
| }
configure:22073: result: yes
configure:22085: checking for uint_fast64_t
configure:22113: gcc -c -g -O2  conftest.c >&5
configure:22120: $? = 0
configure:22147: gcc -c -g -O2  conftest.c >&5
conftest.c: In function 'main':
conftest.c:72: error: expected expression before ')' token
configure:22154: $? = 1
configure: failed program was:
| /* confdefs.h.  */
| #define PACKAGE_NAME "LZMA"
| #define PACKAGE_TARNAME "lzma"
| #define PACKAGE_VERSION "4.32.6"
| #define PACKAGE_STRING "LZMA 4.32.6"
| #define PACKAGE_BUGREPORT "lasse.collin@tukaani.org"
| #define NDEBUG 1
| #define PACKAGE "lzma"
| #define VERSION "4.32.6"
| #define STDC_HEADERS 1
| #define HAVE_SYS_TYPES_H 1
| #define HAVE_SYS_STAT_H 1
| #define HAVE_STDLIB_H 1
| #define HAVE_STRING_H 1
| #define HAVE_MEMORY_H 1
| #define HAVE_STRINGS_H 1
| #define HAVE_INTTYPES_H 1
| #define HAVE_STDINT_H 1
| #define HAVE_UNISTD_H 1
| #define HAVE_DLFCN_H 1
| #define STDC_HEADERS 1
| #define HAVE_FCNTL_H 1
| #define HAVE_INTTYPES_H 1
| #define HAVE_LIMITS_H 1
| #define HAVE_STDDEF_H 1
| #define HAVE_STDLIB_H 1
| #define HAVE_STRING_H 1
| #define HAVE_SYS_TIME_H 1
| #define HAVE_UNISTD_H 1
| #define HAVE_UTIME_H 1
| #define HAVE_ERRNO_H 1
| #define HAVE__BOOL 1
| #define HAVE_STDBOOL_H 1
| #define TIME_WITH_SYS_TIME 1
| /* end confdefs.h.  */
| #include <stdio.h>
| #ifdef HAVE_SYS_TYPES_H
| # include <sys/types.h>
| #endif
| #ifdef HAVE_SYS_STAT_H
| # include <sys/stat.h>
| #endif
| #ifdef STDC_HEADERS
| # include <stdlib.h>
| # include <stddef.h>
| #else
| # ifdef HAVE_STDLIB_H
| #  include <stdlib.h>
| # endif
| #endif
| #ifdef HAVE_STRING_H
| # if !defined STDC_HEADERS && defined HAVE_MEMORY_H
| #  include <memory.h>
| # endif
| # include <string.h>
| #endif
| #ifdef HAVE_STRINGS_H
| # include <strings.h>
| #endif
| #ifdef HAVE_INTTYPES_H
| # include <inttypes.h>
| #endif
| #ifdef HAVE_STDINT_H
| # include <stdint.h>
| #endif
| #ifdef HAVE_UNISTD_H
| # include <unistd.h>
| #endif
| int
| main ()
| {
| if (sizeof ((uint_fast64_t)))
| 	  return 0;
|   ;
|   return 0;
| }
configure:22177: result: yes
configure:22197: checking for special C compiler options needed for large files
configure:22292: result: no
configure:22298: checking for _FILE_OFFSET_BITS value needed for large files
configure:22333: gcc -c -g -O2  conftest.c >&5
conftest.c:42: warning: left shift count >= width of type
conftest.c:42: warning: left shift count >= width of type
conftest.c:44: error: size of array 'off_t_is_large' is negative
configure:22340: $? = 1
configure: failed program was:
| /* confdefs.h.  */
| #define PACKAGE_NAME "LZMA"
| #define PACKAGE_TARNAME "lzma"
| #define PACKAGE_VERSION "4.32.6"
| #define PACKAGE_STRING "LZMA 4.32.6"
| #define PACKAGE_BUGREPORT "lasse.collin@tukaani.org"
| #define NDEBUG 1
| #define PACKAGE "lzma"
| #define VERSION "4.32.6"
| #define STDC_HEADERS 1
| #define HAVE_SYS_TYPES_H 1
| #define HAVE_SYS_STAT_H 1
| #define HAVE_STDLIB_H 1
| #define HAVE_STRING_H 1
| #define HAVE_MEMORY_H 1
| #define HAVE_STRINGS_H 1
| #define HAVE_INTTYPES_H 1
| #define HAVE_STDINT_H 1
| #define HAVE_UNISTD_H 1
| #define HAVE_DLFCN_H 1
| #define STDC_HEADERS 1
| #define HAVE_FCNTL_H 1
| #define HAVE_INTTYPES_H 1
| #define HAVE_LIMITS_H 1
| #define HAVE_STDDEF_H 1
| #define HAVE_STDLIB_H 1
| #define HAVE_STRING_H 1
| #define HAVE_SYS_TIME_H 1
| #define HAVE_UNISTD_H 1
| #define HAVE_UTIME_H 1
| #define HAVE_ERRNO_H 1
| #define HAVE__BOOL 1
| #define HAVE_STDBOOL_H 1
| #define TIME_WITH_SYS_TIME 1
| /* end confdefs.h.  */
| #include <sys/types.h>
|  /* Check that off_t can represent 2**63 - 1 correctly.
|     We can't simply define LARGE_OFF_T to be 9223372036854775807,
|     since some C++ compilers masquerading as C compilers
|     incorrectly reject 9223372036854775807.  */
| #define LARGE_OFF_T (((off_t) 1 << 62) - 1 + ((off_t) 1 << 62))
|   int off_t_is_large[(LARGE_OFF_T % 2147483629 == 721
| 		       && LARGE_OFF_T % 2147483647 == 1)
| 		      ? 1 : -1];
| int
| main ()
| {
| 
|   ;
|   return 0;
| }
configure:22384: gcc -c -g -O2  conftest.c >&5
configure:22391: $? = 0
configure:22409: result: 64
configure:22561: checking for memmove
configure:22617: gcc -o conftest -g -O2   conftest.c  >&5
conftest.c:60: warning: conflicting types for built-in function 'memmove'
configure:22624: $? = 0
configure:22646: result: yes
configure:22561: checking for strdup
configure:22617: gcc -o conftest -g -O2   conftest.c  >&5
conftest.c:61: warning: conflicting types for built-in function 'strdup'
configure:22624: $? = 0
configure:22646: result: yes
configure:22561: checking for memset
configure:22617: gcc -o conftest -g -O2   conftest.c  >&5
conftest.c:62: warning: conflicting types for built-in function 'memset'
configure:22624: $? = 0
configure:22646: result: yes
configure:22561: checking for strerror
configure:22617: gcc -o conftest -g -O2   conftest.c  >&5
configure:22624: $? = 0
configure:22646: result: yes
configure:22561: checking for strrchr
configure:22617: gcc -o conftest -g -O2   conftest.c  >&5
conftest.c:64: warning: conflicting types for built-in function 'strrchr'
configure:22624: $? = 0
configure:22646: result: yes
configure:22561: checking for strtol
configure:22617: gcc -o conftest -g -O2   conftest.c  >&5
configure:22624: $? = 0
configure:22646: result: yes
configure:22561: checking for utime
configure:22617: gcc -o conftest -g -O2   conftest.c  >&5
configure:22624: $? = 0
configure:22646: result: yes
configure:22561: checking for utimes
configure:22617: gcc -o conftest -g -O2   conftest.c  >&5
configure:22624: $? = 0
configure:22646: result: yes
configure:22561: checking for futimes
configure:22617: gcc -o conftest -g -O2   conftest.c  >&5
configure:22624: $? = 0
configure:22646: result: yes
configure:22561: checking for futimesat
configure:22617: gcc -o conftest -g -O2   conftest.c  >&5
configure:22624: $? = 0
configure:22646: result: yes
configure:22676: checking getopt.h usability
configure:22693: gcc -c -g -O2  conftest.c >&5
configure:22700: $? = 0
configure:22714: result: yes
configure:22718: checking getopt.h presence
configure:22733: gcc -E  conftest.c
configure:22740: $? = 0
configure:22754: result: yes
configure:22787: checking for getopt.h
configure:22796: result: yes
configure:22819: checking for getopt_long_only
configure:22875: gcc -o conftest -g -O2   conftest.c  >&5
configure:22882: $? = 0
configure:22904: result: yes
configure:22920: checking whether optreset is declared
configure:22950: gcc -c -g -O2  conftest.c >&5
conftest.c: In function 'main':
conftest.c:55: error: 'optreset' undeclared (first use in this function)
conftest.c:55: error: (Each undeclared identifier is reported only once
conftest.c:55: error: for each function it appears in.)
configure:22957: $? = 1
configure: failed program was:
| /* confdefs.h.  */
| #define PACKAGE_NAME "LZMA"
| #define PACKAGE_TARNAME "lzma"
| #define PACKAGE_VERSION "4.32.6"
| #define PACKAGE_STRING "LZMA 4.32.6"
| #define PACKAGE_BUGREPORT "lasse.collin@tukaani.org"
| #define NDEBUG 1
| #define PACKAGE "lzma"
| #define VERSION "4.32.6"
| #define STDC_HEADERS 1
| #define HAVE_SYS_TYPES_H 1
| #define HAVE_SYS_STAT_H 1
| #define HAVE_STDLIB_H 1
| #define HAVE_STRING_H 1
| #define HAVE_MEMORY_H 1
| #define HAVE_STRINGS_H 1
| #define HAVE_INTTYPES_H 1
| #define HAVE_STDINT_H 1
| #define HAVE_UNISTD_H 1
| #define HAVE_DLFCN_H 1
| #define STDC_HEADERS 1
| #define HAVE_FCNTL_H 1
| #define HAVE_INTTYPES_H 1
| #define HAVE_LIMITS_H 1
| #define HAVE_STDDEF_H 1
| #define HAVE_STDLIB_H 1
| #define HAVE_STRING_H 1
| #define HAVE_SYS_TIME_H 1
| #define HAVE_UNISTD_H 1
| #define HAVE_UTIME_H 1
| #define HAVE_ERRNO_H 1
| #define HAVE__BOOL 1
| #define HAVE_STDBOOL_H 1
| #define TIME_WITH_SYS_TIME 1
| #define _FILE_OFFSET_BITS 64
| #define HAVE_MEMMOVE 1
| #define HAVE_STRDUP 1
| #define HAVE_MEMSET 1
| #define HAVE_STRERROR 1
| #define HAVE_STRRCHR 1
| #define HAVE_STRTOL 1
| #define HAVE_UTIME 1
| #define HAVE_UTIMES 1
| #define HAVE_FUTIMES 1
| #define HAVE_FUTIMESAT 1
| #define HAVE_GETOPT_H 1
| #define HAVE_GETOPT_LONG_ONLY 1
| /* end confdefs.h.  */
| #include <getopt.h>
| 
| int
| main ()
| {
| #ifndef optreset
|   (void) optreset;
| #endif
| 
|   ;
|   return 0;
| }
configure:22972: result: no
configure:22981: checking for working GNU getopt function
configure:23075: gcc -o conftest -g -O2   conftest.c  >&5
configure:23079: $? = 0
configure:23085: ./conftest
conftest: invalid option -- +
configure:23089: $? = 0
configure:23106: result: yes
configure:23113: checking whether getenv is declared
configure:23142: gcc -c -g -O2  conftest.c >&5
configure:23149: $? = 0
configure:23164: result: yes
configure:23343: creating ./config.status

## ---------------------- ##
## Running config.status. ##
## ---------------------- ##

This file was extended by LZMA config.status 4.32.6, which was
generated by GNU Autoconf 2.62.  Invocation command line was

  CONFIG_FILES    = 
  CONFIG_HEADERS  = 
  CONFIG_LINKS    = 
  CONFIG_COMMANDS = 
  $ ./config.status 

on enzo

config.status:843: creating Makefile
config.status:843: creating src/Makefile
config.status:843: creating src/liblzmadec/Makefile
config.status:843: creating src/lzmadec/Makefile
config.status:843: creating src/lzmainfo/Makefile
config.status:843: creating src/lzma/Makefile
config.status:843: creating src/scripts/Makefile
config.status:843: creating src/sdk/7zip/Common/Makefile
config.status:843: creating src/sdk/7zip/Compress/LZ/Makefile
config.status:843: creating src/sdk/7zip/Compress/LZMA/Makefile
config.status:843: creating src/sdk/7zip/Compress/LZMA_C/Makefile
config.status:843: creating src/sdk/7zip/Compress/Makefile
config.status:843: creating src/sdk/7zip/Compress/RangeCoder/Makefile
config.status:843: creating src/sdk/7zip/Makefile
config.status:843: creating src/sdk/Common/Makefile
config.status:843: creating src/sdk/Makefile
config.status:843: creating tests/Makefile
config.status:843: creating config.h
config.status:1117: executing depfiles commands

## ---------------- ##
## Cache variables. ##
## ---------------- ##

ac_cv_build=i686-pc-linux-gnu
ac_cv_c_compiler_gnu=yes
ac_cv_c_const=yes
ac_cv_c_inline=inline
ac_cv_cxx_compiler_gnu=yes
ac_cv_env_CCC_set=
ac_cv_env_CCC_value=
ac_cv_env_CC_set=
ac_cv_env_CC_value=
ac_cv_env_CFLAGS_set=
ac_cv_env_CFLAGS_value=
ac_cv_env_CPPFLAGS_set=
ac_cv_env_CPPFLAGS_value=
ac_cv_env_CPP_set=
ac_cv_env_CPP_value=
ac_cv_env_CXXCPP_set=
ac_cv_env_CXXCPP_value=
ac_cv_env_CXXFLAGS_set=
ac_cv_env_CXXFLAGS_value=
ac_cv_env_CXX_set=
ac_cv_env_CXX_value=
ac_cv_env_F77_set=
ac_cv_env_F77_value=
ac_cv_env_FFLAGS_set=
ac_cv_env_FFLAGS_value=
ac_cv_env_LDFLAGS_set=
ac_cv_env_LDFLAGS_value=
ac_cv_env_LIBS_set=
ac_cv_env_LIBS_value=
ac_cv_env_build_alias_set=
ac_cv_env_build_alias_value=
ac_cv_env_host_alias_set=
ac_cv_env_host_alias_value=
ac_cv_env_target_alias_set=
ac_cv_env_target_alias_value=
ac_cv_f77_compiler_gnu=no
ac_cv_func_futimes=yes
ac_cv_func_futimesat=yes
ac_cv_func_getopt_long_only=yes
ac_cv_func_memmove=yes
ac_cv_func_memset=yes
ac_cv_func_strdup=yes
ac_cv_func_strerror=yes
ac_cv_func_strrchr=yes
ac_cv_func_strtol=yes
ac_cv_func_utime=yes
ac_cv_func_utimes=yes
ac_cv_have_decl_getenv=yes
ac_cv_have_decl_optreset=no
ac_cv_header_dlfcn_h=yes
ac_cv_header_errno_h=yes
ac_cv_header_fcntl_h=yes
ac_cv_header_getopt_h=yes
ac_cv_header_inttypes_h=yes
ac_cv_header_limits_h=yes
ac_cv_header_memory_h=yes
ac_cv_header_stdbool_h=yes
ac_cv_header_stdc=yes
ac_cv_header_stddef_h=yes
ac_cv_header_stdint_h=yes
ac_cv_header_stdlib_h=yes
ac_cv_header_string_h=yes
ac_cv_header_strings_h=yes
ac_cv_header_sys_stat_h=yes
ac_cv_header_sys_time_h=yes
ac_cv_header_sys_types_h=yes
ac_cv_header_time=yes
ac_cv_header_unistd_h=yes
ac_cv_header_utime_h=yes
ac_cv_host=i686-pc-linux-gnu
ac_cv_objext=o
ac_cv_path_EGREP='/bin/grep -E'
ac_cv_path_GREP=/bin/grep
ac_cv_path_install='/usr/bin/install -c'
ac_cv_path_mkdir=/bin/mkdir
ac_cv_prog_AWK=gawk
ac_cv_prog_CPP='gcc -E'
ac_cv_prog_CXXCPP='g++ -E'
ac_cv_prog_ac_ct_AR=ar
ac_cv_prog_ac_ct_CC=gcc
ac_cv_prog_ac_ct_CXX=g++
ac_cv_prog_ac_ct_RANLIB=ranlib
ac_cv_prog_ac_ct_STRIP=strip
ac_cv_prog_cc_c89=
ac_cv_prog_cc_g=yes
ac_cv_prog_cxx_g=yes
ac_cv_prog_f77_g=no
ac_cv_prog_make_make_set=yes
ac_cv_sys_file_offset_bits=64
ac_cv_sys_largefile_CC=no
ac_cv_type__Bool=yes
ac_cv_type_int_fast16_t=yes
ac_cv_type_int_fast32_t=yes
ac_cv_type_int_fast64_t=yes
ac_cv_type_int_fast8_t=yes
ac_cv_type_mode_t=yes
ac_cv_type_off_t=yes
ac_cv_type_size_t=yes
ac_cv_type_uint_fast16_t=yes
ac_cv_type_uint_fast32_t=yes
ac_cv_type_uint_fast64_t=yes
ac_cv_type_uint_fast8_t=yes
am_cv_CC_dependencies_compiler_type=gcc3
am_cv_CXX_dependencies_compiler_type=gcc3
gl_cv_func_gnu_getopt=yes
lt_cv_deplibs_check_method=pass_all
lt_cv_file_magic_cmd='$MAGIC_CMD'
lt_cv_file_magic_test_file=
lt_cv_ld_reload_flag=-r
lt_cv_objdir=.libs
lt_cv_path_LD=/usr/bin/ld
lt_cv_path_LDCXX=/usr/bin/ld
lt_cv_path_NM='/usr/bin/nm -B'
lt_cv_path_SED=/bin/sed
lt_cv_prog_compiler_c_o=yes
lt_cv_prog_compiler_c_o_CXX=yes
lt_cv_prog_compiler_pic_works=yes
lt_cv_prog_compiler_pic_works_CXX=yes
lt_cv_prog_compiler_rtti_exceptions=no
lt_cv_prog_compiler_static_works=yes
lt_cv_prog_compiler_static_works_CXX=yes
lt_cv_prog_gnu_ld=yes
lt_cv_prog_gnu_ldcxx=yes
lt_cv_sys_global_symbol_pipe='sed -n -e '\''s/^.*[ 	]\([ABCDGIRSTW][ABCDGIRSTW]*\)[ 	][ 	]*\([_A-Za-z][_A-Za-z0-9]*\)$/\1 \2 \2/p'\'''
lt_cv_sys_global_symbol_to_c_name_address='sed -n -e '\''s/^: \([^ ]*\) $/  {\"\1\", (lt_ptr) 0},/p'\'' -e '\''s/^[BCDEGRST] \([^ ]*\) \([^ ]*\)$/  {"\2", (lt_ptr) \&\2},/p'\'''
lt_cv_sys_global_symbol_to_cdecl='sed -n -e '\''s/^. .* \(.*\)$/extern int \1;/p'\'''
lt_cv_sys_lib_dlsearch_path_spec='/lib /usr/lib /usr/lib/qt-3.3/lib '
lt_cv_sys_lib_search_path_spec='/usr/lib/gcc/i386-redhat-linux/4.1.2 /usr/lib /lib'
lt_cv_sys_max_cmd_len=98304
lt_lt_cv_prog_compiler_c_o='"yes"'
lt_lt_cv_prog_compiler_c_o_CXX='"yes"'
lt_lt_cv_sys_global_symbol_pipe='"sed -n -e '\''s/^.*[ 	]\\([ABCDGIRSTW][ABCDGIRSTW]*\\)[ 	][ 	]*\\([_A-Za-z][_A-Za-z0-9]*\\)\$/\\1 \\2 \\2/p'\''"'
lt_lt_cv_sys_global_symbol_to_c_name_address='"sed -n -e '\''s/^: \\([^ ]*\\) \$/  {\\\"\\1\\\", (lt_ptr) 0},/p'\'' -e '\''s/^[BCDEGRST] \\([^ ]*\\) \\([^ ]*\\)\$/  {\"\\2\", (lt_ptr) \\&\\2},/p'\''"'
lt_lt_cv_sys_global_symbol_to_cdecl='"sed -n -e '\''s/^. .* \\(.*\\)\$/extern int \\1;/p'\''"'

## ----------------- ##
## Output variables. ##
## ----------------- ##

ACLOCAL='${SHELL} /home/kwest/release.GPL/dir600b_v2.03/tools/lzma/lzma-4.32.6/missing --run aclocal-1.10'
AMDEPBACKSLASH='\'
AMDEP_FALSE='#'
AMDEP_TRUE=''
AMTAR='${SHELL} /home/kwest/release.GPL/dir600b_v2.03/tools/lzma/lzma-4.32.6/missing --run tar'
AR='ar'
AUTOCONF='${SHELL} /home/kwest/release.GPL/dir600b_v2.03/tools/lzma/lzma-4.32.6/missing --run autoconf'
AUTOHEADER='${SHELL} /home/kwest/release.GPL/dir600b_v2.03/tools/lzma/lzma-4.32.6/missing --run autoheader'
AUTOMAKE='${SHELL} /home/kwest/release.GPL/dir600b_v2.03/tools/lzma/lzma-4.32.6/missing --run automake-1.10'
AWK='gawk'
CC='gcc'
CCDEPMODE='depmode=gcc3'
CFLAGS='-g -O2'
CPP='gcc -E'
CPPFLAGS=''
CXX='g++'
CXXCPP='g++ -E'
CXXDEPMODE='depmode=gcc3'
CXXFLAGS='-g -O2'
CYGPATH_W='echo'
DEFS='-DHAVE_CONFIG_H'
DEPDIR='.deps'
DSYMUTIL=''
ECHO='echo'
ECHO_C=''
ECHO_N='-n'
ECHO_T=''
EGREP='/bin/grep -E'
EXEEXT=''
F77='no'
FFLAGS=''
GETOPT_H=''
GREP='/bin/grep'
INSTALL_DATA='${INSTALL} -m 644'
INSTALL_PROGRAM='${INSTALL}'
INSTALL_SCRIPT='${INSTALL}'
INSTALL_STRIP_PROGRAM='$(install_sh) -c -s'
LDFLAGS=''
LIBOBJS=''
LIBS=''
LIBTOOL='$(SHELL) $(top_builddir)/libtool'
LN_S='ln -s'
LTLIBOBJS=''
MAKEINFO='${SHELL} /home/kwest/release.GPL/dir600b_v2.03/tools/lzma/lzma-4.32.6/missing --run makeinfo'
MKDIR_P='/bin/mkdir -p'
NMEDIT=''
OBJEXT='o'
PACKAGE='lzma'
PACKAGE_BUGREPORT='lasse.collin@tukaani.org'
PACKAGE_NAME='LZMA'
PACKAGE_STRING='LZMA 4.32.6'
PACKAGE_TARNAME='lzma'
PACKAGE_VERSION='4.32.6'
PATH_SEPARATOR=':'
RANLIB='ranlib'
SDK_CFLAGS='-D_LZMA_IN_CB -D_LZMA_OUT_READ -D_LZMA_SYSTEM_SIZE_T -D_LZMA_PROB32'
SDK_CXXFLAGS='-DCOMPRESS_MF_BT -DCOMPRESS_MF_BT4 -DCOMPRESS_MF_HC'
SED='/bin/sed'
SET_MAKE=''
SHELL='/bin/sh'
STRIP='strip'
VERSION='4.32.6'
ac_ct_CC='gcc'
ac_ct_CXX='g++'
ac_ct_F77=''
am__fastdepCC_FALSE='#'
am__fastdepCC_TRUE=''
am__fastdepCXX_FALSE='#'
am__fastdepCXX_TRUE=''
am__include='include'
am__isrc=''
am__leading_dot='.'
am__quote=''
am__tar='${AMTAR} chof - "$$tardir"'
am__untar='${AMTAR} xf -'
bindir='${exec_prefix}/bin'
build='i686-pc-linux-gnu'
build_alias=''
build_cpu='i686'
build_os='linux-gnu'
build_vendor='pc'
datadir='${datarootdir}'
datarootdir='${prefix}/share'
docdir='${datarootdir}/doc/${PACKAGE_TARNAME}'
dvidir='${docdir}'
exec_prefix='${prefix}'
host='i686-pc-linux-gnu'
host_alias=''
host_cpu='i686'
host_os='linux-gnu'
host_vendor='pc'
htmldir='${docdir}'
includedir='${prefix}/include'
infodir='${datarootdir}/info'
install_sh='$(SHELL) /home/kwest/release.GPL/dir600b_v2.03/tools/lzma/lzma-4.32.6/install-sh'
libdir='${exec_prefix}/lib'
libexecdir='${exec_prefix}/libexec'
localedir='${datarootdir}/locale'
localstatedir='${prefix}/var'
mandir='${datarootdir}/man'
mkdir_p='/bin/mkdir -p'
oldincludedir='/usr/include'
pdfdir='${docdir}'
prefix='/usr/local'
program_transform_name='s,x,x,'
psdir='${docdir}'
sbindir='${exec_prefix}/sbin'
sharedstatedir='${prefix}/com'
sysconfdir='${prefix}/etc'
target_alias=''

## ----------- ##
## confdefs.h. ##
## ----------- ##

#define PACKAGE_NAME "LZMA"
#define PACKAGE_TARNAME "lzma"
#define PACKAGE_VERSION "4.32.6"
#define PACKAGE_STRING "LZMA 4.32.6"
#define PACKAGE_BUGREPORT "lasse.collin@tukaani.org"
#define NDEBUG 1
#define PACKAGE "lzma"
#define VERSION "4.32.6"
#define STDC_HEADERS 1
#define HAVE_SYS_TYPES_H 1
#define HAVE_SYS_STAT_H 1
#define HAVE_STDLIB_H 1
#define HAVE_STRING_H 1
#define HAVE_MEMORY_H 1
#define HAVE_STRINGS_H 1
#define HAVE_INTTYPES_H 1
#define HAVE_STDINT_H 1
#define HAVE_UNISTD_H 1
#define HAVE_DLFCN_H 1
#define STDC_HEADERS 1
#define HAVE_FCNTL_H 1
#define HAVE_INTTYPES_H 1
#define HAVE_LIMITS_H 1
#define HAVE_STDDEF_H 1
#define HAVE_STDLIB_H 1
#define HAVE_STRING_H 1
#define HAVE_SYS_TIME_H 1
#define HAVE_UNISTD_H 1
#define HAVE_UTIME_H 1
#define HAVE_ERRNO_H 1
#define HAVE__BOOL 1
#define HAVE_STDBOOL_H 1
#define TIME_WITH_SYS_TIME 1
#define _FILE_OFFSET_BITS 64
#define HAVE_MEMMOVE 1
#define HAVE_STRDUP 1
#define HAVE_MEMSET 1
#define HAVE_STRERROR 1
#define HAVE_STRRCHR 1
#define HAVE_STRTOL 1
#define HAVE_UTIME 1
#define HAVE_UTIMES 1
#define HAVE_FUTIMES 1
#define HAVE_FUTIMESAT 1
#define HAVE_GETOPT_H 1
#define HAVE_GETOPT_LONG_ONLY 1
#define HAVE_DECL_GETENV 1

configure: exit 0
